c:\users\user\source\repos\opengl_project\opengl_project\x64\release\vc142.pdb
c:\users\user\source\repos\opengl_project\opengl_project\x64\release\window.obj
c:\users\user\source\repos\opengl_project\opengl_project\x64\release\tiny_obj_loader.obj
c:\users\user\source\repos\opengl_project\opengl_project\x64\release\stb_image.obj
c:\users\user\source\repos\opengl_project\opengl_project\x64\release\skybox.obj
c:\users\user\source\repos\opengl_project\opengl_project\x64\release\shader.obj
c:\users\user\source\repos\opengl_project\opengl_project\x64\release\model3d.obj
c:\users\user\source\repos\opengl_project\opengl_project\x64\release\mesh.obj
c:\users\user\source\repos\opengl_project\opengl_project\x64\release\main.obj
c:\users\user\source\repos\opengl_project\opengl_project\x64\release\camera.obj
c:\users\user\source\repos\opengl_project\x64\release\opengl_project.exe
c:\users\user\source\repos\opengl_project\x64\release\opengl_project.pdb
c:\users\user\source\repos\opengl_project\x64\release\opengl_project.ipdb
c:\users\user\source\repos\opengl_project\x64\release\opengl_project.iobj
c:\users\user\source\repos\opengl_project\opengl_project\x64\release\opengl_project.tlog\cl.command.1.tlog
c:\users\user\source\repos\opengl_project\opengl_project\x64\release\opengl_project.tlog\cl.read.1.tlog
c:\users\user\source\repos\opengl_project\opengl_project\x64\release\opengl_project.tlog\cl.write.1.tlog
c:\users\user\source\repos\opengl_project\opengl_project\x64\release\opengl_project.tlog\link.command.1.tlog
c:\users\user\source\repos\opengl_project\opengl_project\x64\release\opengl_project.tlog\link.delete.1.tlog
c:\users\user\source\repos\opengl_project\opengl_project\x64\release\opengl_project.tlog\link.read.1.tlog
c:\users\user\source\repos\opengl_project\opengl_project\x64\release\opengl_project.tlog\link.write.1.tlog
c:\users\user\source\repos\opengl_project\opengl_project\x64\release\opengl_project.tlog\opengl_project.write.1u.tlog
