c:\users\user\source\repos\opengl_project\opengl_project\x64\debug\vc142.pdb
c:\users\user\source\repos\opengl_project\opengl_project\x64\debug\vc142.idb
c:\users\user\source\repos\opengl_project\opengl_project\x64\debug\window.obj
c:\users\user\source\repos\opengl_project\opengl_project\x64\debug\tiny_obj_loader.obj
c:\users\user\source\repos\opengl_project\opengl_project\x64\debug\stb_image.obj
c:\users\user\source\repos\opengl_project\opengl_project\x64\debug\shader.obj
c:\users\user\source\repos\opengl_project\opengl_project\x64\debug\model3d.obj
c:\users\user\source\repos\opengl_project\opengl_project\x64\debug\mesh.obj
c:\users\user\source\repos\opengl_project\opengl_project\x64\debug\main.obj
c:\users\user\source\repos\opengl_project\opengl_project\x64\debug\camera.obj
c:\users\user\source\repos\opengl_project\opengl_project\x64\debug\skybox.obj
c:\users\user\source\repos\opengl_project\x64\debug\opengl_project.exe
c:\users\user\source\repos\opengl_project\x64\debug\opengl_project.ilk
c:\users\user\source\repos\opengl_project\x64\debug\opengl_project.pdb
c:\users\user\source\repos\opengl_project\opengl_project\x64\debug\main.obj.enc
c:\users\user\source\repos\opengl_project\opengl_project\x64\debug\opengl_project.tlog\cl.command.1.tlog
c:\users\user\source\repos\opengl_project\opengl_project\x64\debug\opengl_project.tlog\cl.read.1.tlog
c:\users\user\source\repos\opengl_project\opengl_project\x64\debug\opengl_project.tlog\cl.write.1.tlog
c:\users\user\source\repos\opengl_project\opengl_project\x64\debug\opengl_project.tlog\link.command.1.tlog
c:\users\user\source\repos\opengl_project\opengl_project\x64\debug\opengl_project.tlog\link.read.1.tlog
c:\users\user\source\repos\opengl_project\opengl_project\x64\debug\opengl_project.tlog\link.write.1.tlog
